2018-04-28 15:09:52.904  INFO 13832 --- [restartedMain] c.C.d.DataAnonymizationApplication       : Starting DataAnonymizationApplication on DESKTOP-DKO3N2G with PID 13832 (F:\Git\dataAnonymization\target\classes started by CLD in F:\Git\dataAnonymization)
2018-04-28 15:09:52.918  INFO 13832 --- [restartedMain] c.C.d.DataAnonymizationApplication       : No active profile set, falling back to default profiles: default
2018-04-28 15:09:53.018  INFO 13832 --- [restartedMain] ConfigServletWebServerApplicationContext : Refreshing org.springframework.boot.web.servlet.context.AnnotationConfigServletWebServerApplicationContext@458ad61: startup date [Sat Apr 28 15:09:53 CST 2018]; root of context hierarchy
2018-04-28 15:09:54.390  INFO 13832 --- [restartedMain] trationDelegate$BeanPostProcessorChecker : Bean 'org.springframework.transaction.annotation.ProxyTransactionManagementConfiguration' of type [org.springframework.transaction.annotation.ProxyTransactionManagementConfiguration$$EnhancerBySpringCGLIB$$edf448fa] is not eligible for getting processed by all BeanPostProcessors (for example: not eligible for auto-proxying)
2018-04-28 15:09:54.680  INFO 13832 --- [restartedMain] o.s.b.w.embedded.tomcat.TomcatWebServer  : Tomcat initialized with port(s): 8080 (http)
2018-04-28 15:09:54.696  INFO 13832 --- [restartedMain] o.apache.catalina.core.StandardService   : Starting service [Tomcat]
2018-04-28 15:09:54.697  INFO 13832 --- [restartedMain] org.apache.catalina.core.StandardEngine  : Starting Servlet Engine: Apache Tomcat/8.5.28
2018-04-28 15:09:54.699  INFO 13832 --- [localhost-startStop-1] o.a.catalina.core.AprLifecycleListener   : The APR based Apache Tomcat Native library which allows optimal performance in production environments was not found on the java.library.path: [F:\java\jdk\bin;C:\Windows\Sun\Java\bin;C:\Windows\system32;C:\Windows;D:\app\CLD\product\11.2.0\dbhome_1\bin;F:\arx-开源匿名化工具\arx-3.6.0\bin;F:\apa;he-maven-3.5.0;C:\Windows\system32;C:\Windows;C:\Windows\System32\Wbem;C:\Windows\System32\WindowsPowerShell\v1.0\;F:\java\jdk\bin;C:\Program Files (x86)\Microsoft SQL Server\110\DTS\Binn\;C:\Program Files (x86)\Microsoft SQL Server\110\Tools\Binn\;C:\Program Files (x86)\Microsoft SQL Server\110\Tools\Binn\ManagementStudio\;C:\Program Files (x86)\Microsoft Visual Studio 10.0\Common7\IDE\PrivateAssemblies\;CATALINA_HOME%\bin;F:\apache-maven-3.5.0\bin;C:\Program Files\MySQL\MySQL Utilities 1.6\;C:\Microsoft SQL Server Migration Assistant for MySQL\bin\;NLS_LANG=SIMPLIFIED CHINESE_CHINA.ZHS16GBK;C:\Program Files\MATLAB\R2017b\bin;C:\Program Files\Git\cmd;F:\Nodejs\;C:\Users\CLD\AppData\Local\Microsoft\WindowsApps;C:\Users\CLD\AppData\Roaming\npm;.]
2018-04-28 15:09:54.785  INFO 13832 --- [localhost-startStop-1] o.a.c.c.C.[Tomcat].[localhost].[/]       : Initializing Spring embedded WebApplicationContext
2018-04-28 15:09:54.785  INFO 13832 --- [localhost-startStop-1] o.s.web.context.ContextLoader            : Root WebApplicationContext: initialization completed in 1767 ms
2018-04-28 15:09:54.899  INFO 13832 --- [localhost-startStop-1] o.s.b.w.servlet.ServletRegistrationBean  : Servlet dispatcherServlet mapped to [/]
2018-04-28 15:09:54.900  INFO 13832 --- [localhost-startStop-1] o.s.b.w.servlet.ServletRegistrationBean  : Servlet webServlet mapped to [/console/*]
2018-04-28 15:09:54.904  INFO 13832 --- [localhost-startStop-1] o.s.b.w.servlet.FilterRegistrationBean   : Mapping filter: 'characterEncodingFilter' to: [/*]
2018-04-28 15:09:54.904  INFO 13832 --- [localhost-startStop-1] o.s.b.w.servlet.FilterRegistrationBean   : Mapping filter: 'hiddenHttpMethodFilter' to: [/*]
2018-04-28 15:09:54.904  INFO 13832 --- [localhost-startStop-1] o.s.b.w.servlet.FilterRegistrationBean   : Mapping filter: 'httpPutFormContentFilter' to: [/*]
2018-04-28 15:09:54.904  INFO 13832 --- [localhost-startStop-1] o.s.b.w.servlet.FilterRegistrationBean   : Mapping filter: 'requestContextFilter' to: [/*]
2018-04-28 15:09:55.042  INFO 13832 --- [restartedMain] j.LocalContainerEntityManagerFactoryBean : Building JPA container EntityManagerFactory for persistence unit 'h2PersistenceUnit'
2018-04-28 15:09:55.051  INFO 13832 --- [restartedMain] o.hibernate.jpa.internal.util.LogHelper  : HHH000204: Processing PersistenceUnitInfo [
	name: h2PersistenceUnit
	...]
2018-04-28 15:09:55.105  INFO 13832 --- [restartedMain] org.hibernate.Version                    : HHH000412: Hibernate Core {5.2.14.Final}
2018-04-28 15:09:55.107  INFO 13832 --- [restartedMain] org.hibernate.cfg.Environment            : HHH000206: hibernate.properties not found
2018-04-28 15:09:55.139  INFO 13832 --- [restartedMain] o.hibernate.annotations.common.Version   : HCANN000001: Hibernate Commons Annotations {5.0.1.Final}
2018-04-28 15:09:55.299  INFO 13832 --- [restartedMain] com.zaxxer.hikari.HikariDataSource       : HikariPool-1 - Starting...
2018-04-28 15:09:55.381  INFO 13832 --- [restartedMain] com.zaxxer.hikari.HikariDataSource       : HikariPool-1 - Start completed.
2018-04-28 15:09:55.395  INFO 13832 --- [restartedMain] org.hibernate.dialect.Dialect            : HHH000400: Using dialect: org.hibernate.dialect.H2Dialect
2018-04-28 15:09:55.757  INFO 13832 --- [restartedMain] j.LocalContainerEntityManagerFactoryBean : Initialized JPA EntityManagerFactory for persistence unit 'h2PersistenceUnit'
2018-04-28 15:09:55.776  INFO 13832 --- [restartedMain] j.LocalContainerEntityManagerFactoryBean : Building JPA container EntityManagerFactory for persistence unit 'MySqlPersistenceUnit'
2018-04-28 15:09:55.777  INFO 13832 --- [restartedMain] o.hibernate.jpa.internal.util.LogHelper  : HHH000204: Processing PersistenceUnitInfo [
	name: MySqlPersistenceUnit
	...]
2018-04-28 15:09:55.789  INFO 13832 --- [restartedMain] com.zaxxer.hikari.HikariDataSource       : HikariPool-2 - Starting...
2018-04-28 15:09:55.918  INFO 13832 --- [restartedMain] com.zaxxer.hikari.HikariDataSource       : HikariPool-2 - Start completed.
2018-04-28 15:09:55.919  INFO 13832 --- [restartedMain] org.hibernate.dialect.Dialect            : HHH000400: Using dialect: org.hibernate.dialect.MySQL57Dialect
2018-04-28 15:09:55.955  INFO 13832 --- [restartedMain] j.LocalContainerEntityManagerFactoryBean : Initialized JPA EntityManagerFactory for persistence unit 'MySqlPersistenceUnit'
2018-04-28 15:09:56.229  INFO 13832 --- [restartedMain] o.h.h.i.QueryTranslatorFactoryInitiator  : HHH000397: Using ASTQueryTranslatorFactory
2018-04-28 15:09:56.348  INFO 13832 --- [restartedMain] o.h.h.i.QueryTranslatorFactoryInitiator  : HHH000397: Using ASTQueryTranslatorFactory
2018-04-28 15:09:56.665  INFO 13832 --- [restartedMain] s.w.s.m.m.a.RequestMappingHandlerAdapter : Looking for @ControllerAdvice: org.springframework.boot.web.servlet.context.AnnotationConfigServletWebServerApplicationContext@458ad61: startup date [Sat Apr 28 15:09:53 CST 2018]; root of context hierarchy
2018-04-28 15:09:56.691  WARN 13832 --- [restartedMain] aWebConfiguration$JpaWebMvcConfiguration : spring.jpa.open-in-view is enabled by default. Therefore, database queries may be performed during view rendering. Explicitly configure spring.jpa.open-in-view to disable this warning
2018-04-28 15:09:56.721  INFO 13832 --- [restartedMain] s.w.s.m.m.a.RequestMappingHandlerMapping : Mapped "{[/LimitedSet],methods=[POST]}" onto public com.alibaba.fastjson.JSONArray com.CLD.dataAnonymization.web.ApiController.LimitedSet(javax.servlet.http.HttpServletRequest) throws java.io.IOException
2018-04-28 15:09:56.722  INFO 13832 --- [restartedMain] s.w.s.m.m.a.RequestMappingHandlerMapping : Mapped "{[/SafeHarbor],methods=[POST]}" onto public com.alibaba.fastjson.JSONArray com.CLD.dataAnonymization.web.ApiController.SafeHarbor(javax.servlet.http.HttpServletRequest) throws java.io.IOException
2018-04-28 15:09:56.723  INFO 13832 --- [restartedMain] s.w.s.m.m.a.RequestMappingHandlerMapping : Mapped "{[/getUserIp]}" onto public java.util.Set<java.lang.String> com.CLD.dataAnonymization.web.ApiUsageController.getUserIp()
2018-04-28 15:09:56.724  INFO 13832 --- [restartedMain] s.w.s.m.m.a.RequestMappingHandlerMapping : Mapped "{[/UsageOverView]}" onto public java.lang.String com.CLD.dataAnonymization.web.ApiUsageController.UsageOverView()
2018-04-28 15:09:56.724  INFO 13832 --- [restartedMain] s.w.s.m.m.a.RequestMappingHandlerMapping : Mapped "{[/UsageDetail]}" onto public java.lang.String com.CLD.dataAnonymization.web.ApiUsageController.UsageDetail()
2018-04-28 15:09:56.724  INFO 13832 --- [restartedMain] s.w.s.m.m.a.RequestMappingHandlerMapping : Mapped "{[/getUsageOverView]}" onto public com.alibaba.fastjson.JSONArray com.CLD.dataAnonymization.web.ApiUsageController.getUsageOverView() throws java.io.FileNotFoundException
2018-04-28 15:09:56.724  INFO 13832 --- [restartedMain] s.w.s.m.m.a.RequestMappingHandlerMapping : Mapped "{[/getUsageByIp]}" onto public java.util.ArrayList<java.util.HashMap<java.lang.String, java.lang.String>> com.CLD.dataAnonymization.web.ApiUsageController.getUsageByIp(java.lang.String)
2018-04-28 15:09:56.725  INFO 13832 --- [restartedMain] s.w.s.m.m.a.RequestMappingHandlerMapping : Mapped "{[/FileProcessing]}" onto public java.lang.String com.CLD.dataAnonymization.web.FileProcessingController.FileProcessing()
2018-04-28 15:09:56.725  INFO 13832 --- [restartedMain] s.w.s.m.m.a.RequestMappingHandlerMapping : Mapped "{[/filecontent],methods=[POST]}" onto public com.alibaba.fastjson.JSONArray com.CLD.dataAnonymization.web.FileProcessingController.fileContentUpload(org.springframework.web.multipart.MultipartHttpServletRequest,javax.servlet.http.HttpServletRequest,java.lang.String) throws java.lang.Exception
2018-04-28 15:09:56.726  INFO 13832 --- [restartedMain] s.w.s.m.m.a.RequestMappingHandlerMapping : Mapped "{[/getFieldOverView],methods=[GET]}" onto public com.alibaba.fastjson.JSONObject com.CLD.dataAnonymization.web.PrivacyFieldController.getFieldOverView() throws java.io.FileNotFoundException
2018-04-28 15:09:56.727  INFO 13832 --- [restartedMain] s.w.s.m.m.a.RequestMappingHandlerMapping : Mapped "{[/getPrivacyField],methods=[GET]}" onto public com.alibaba.fastjson.JSONArray com.CLD.dataAnonymization.web.PrivacyFieldController.getPrivacyField(javax.servlet.http.HttpServletRequest) throws java.io.FileNotFoundException
2018-04-28 15:09:56.728  INFO 13832 --- [restartedMain] s.w.s.m.m.a.RequestMappingHandlerMapping : Mapped "{[/updataFields],methods=[POST]}" onto public java.util.ArrayList<java.lang.String> com.CLD.dataAnonymization.web.PrivacyFieldController.updataFields(com.alibaba.fastjson.JSONArray) throws java.io.UnsupportedEncodingException
2018-04-28 15:09:56.728  INFO 13832 --- [restartedMain] s.w.s.m.m.a.RequestMappingHandlerMapping : Mapped "{[/PrivacyFieldOverView],methods=[GET]}" onto public java.lang.String com.CLD.dataAnonymization.web.PrivacyFieldController.viewOfPrivacyFieldOverView()
2018-04-28 15:09:56.728  INFO 13832 --- [restartedMain] s.w.s.m.m.a.RequestMappingHandlerMapping : Mapped "{[/PrivacyFieldModify],methods=[GET]}" onto public java.lang.String com.CLD.dataAnonymization.web.PrivacyFieldController.viewOfPrivacyFieldModify()
2018-04-28 15:09:56.734  INFO 13832 --- [restartedMain] s.w.s.m.m.a.RequestMappingHandlerMapping : Mapped "{[/error]}" onto public org.springframework.http.ResponseEntity<java.util.Map<java.lang.String, java.lang.Object>> org.springframework.boot.autoconfigure.web.servlet.error.BasicErrorController.error(javax.servlet.http.HttpServletRequest)
2018-04-28 15:09:56.735  INFO 13832 --- [restartedMain] s.w.s.m.m.a.RequestMappingHandlerMapping : Mapped "{[/error],produces=[text/html]}" onto public org.springframework.web.servlet.ModelAndView org.springframework.boot.autoconfigure.web.servlet.error.BasicErrorController.errorHtml(javax.servlet.http.HttpServletRequest,javax.servlet.http.HttpServletResponse)
2018-04-28 15:09:56.771  INFO 13832 --- [restartedMain] o.s.w.s.handler.SimpleUrlHandlerMapping  : Mapped URL path [/webjars/**] onto handler of type [class org.springframework.web.servlet.resource.ResourceHttpRequestHandler]
2018-04-28 15:09:56.771  INFO 13832 --- [restartedMain] o.s.w.s.handler.SimpleUrlHandlerMapping  : Mapped URL path [/**] onto handler of type [class org.springframework.web.servlet.resource.ResourceHttpRequestHandler]
2018-04-28 15:09:56.804  INFO 13832 --- [restartedMain] o.s.w.s.handler.SimpleUrlHandlerMapping  : Mapped URL path [/**/favicon.ico] onto handler of type [class org.springframework.web.servlet.resource.ResourceHttpRequestHandler]
2018-04-28 15:09:57.060  INFO 13832 --- [restartedMain] o.s.b.d.a.OptionalLiveReloadServer       : LiveReload server is running on port 35729
2018-04-28 15:09:57.115  INFO 13832 --- [restartedMain] o.s.j.e.a.AnnotationMBeanExporter        : Registering beans for JMX exposure on startup
2018-04-28 15:09:57.116  INFO 13832 --- [restartedMain] o.s.j.e.a.AnnotationMBeanExporter        : Bean with name 'h2DataSource' has been autodetected for JMX exposure
2018-04-28 15:09:57.116  INFO 13832 --- [restartedMain] o.s.j.e.a.AnnotationMBeanExporter        : Bean with name 'mySqlDataSource' has been autodetected for JMX exposure
2018-04-28 15:09:57.122  INFO 13832 --- [restartedMain] o.s.j.e.a.AnnotationMBeanExporter        : Located MBean 'mySqlDataSource': registering with JMX server as MBean [com.zaxxer.hikari:name=mySqlDataSource,type=HikariDataSource]
2018-04-28 15:09:57.123  INFO 13832 --- [restartedMain] o.s.j.e.a.AnnotationMBeanExporter        : Located MBean 'h2DataSource': registering with JMX server as MBean [com.zaxxer.hikari:name=h2DataSource,type=HikariDataSource]
2018-04-28 15:09:57.154  INFO 13832 --- [restartedMain] o.s.b.w.embedded.tomcat.TomcatWebServer  : Tomcat started on port(s): 8080 (http) with context path ''
2018-04-28 15:09:57.157  INFO 13832 --- [restartedMain] c.C.d.DataAnonymizationApplication       : Started DataAnonymizationApplication in 4.6 seconds (JVM running for 5.242)
2018-04-28 15:10:01.763  INFO 13832 --- [http-nio-8080-exec-2] o.a.c.c.C.[Tomcat].[localhost].[/]       : Initializing Spring FrameworkServlet 'dispatcherServlet'
2018-04-28 15:10:01.763  INFO 13832 --- [http-nio-8080-exec-2] o.s.web.servlet.DispatcherServlet        : FrameworkServlet 'dispatcherServlet': initialization started
2018-04-28 15:10:01.779  INFO 13832 --- [http-nio-8080-exec-2] o.s.web.servlet.DispatcherServlet        : FrameworkServlet 'dispatcherServlet': initialization completed in 16 ms
2018-04-28 15:12:52.514  INFO 12568 --- [main] c.C.d.DataAnonymizationApplicationTests  : Starting DataAnonymizationApplicationTests on DESKTOP-DKO3N2G with PID 12568 (started by CLD in F:\Git\dataAnonymization)
2018-04-28 15:12:52.515  INFO 12568 --- [main] c.C.d.DataAnonymizationApplicationTests  : No active profile set, falling back to default profiles: default
2018-04-28 15:12:52.547  INFO 12568 --- [main] o.s.w.c.s.GenericWebApplicationContext   : Refreshing org.springframework.web.context.support.GenericWebApplicationContext@7139992f: startup date [Sat Apr 28 15:12:52 CST 2018]; root of context hierarchy
2018-04-28 15:12:53.729  INFO 12568 --- [main] trationDelegate$BeanPostProcessorChecker : Bean 'org.springframework.transaction.annotation.ProxyTransactionManagementConfiguration' of type [org.springframework.transaction.annotation.ProxyTransactionManagementConfiguration$$EnhancerBySpringCGLIB$$5f17317] is not eligible for getting processed by all BeanPostProcessors (for example: not eligible for auto-proxying)
2018-04-28 15:12:53.982  INFO 12568 --- [main] j.LocalContainerEntityManagerFactoryBean : Building JPA container EntityManagerFactory for persistence unit 'h2PersistenceUnit'
2018-04-28 15:12:53.999  INFO 12568 --- [main] o.hibernate.jpa.internal.util.LogHelper  : HHH000204: Processing PersistenceUnitInfo [
	name: h2PersistenceUnit
	...]
2018-04-28 15:12:54.086  INFO 12568 --- [main] org.hibernate.Version                    : HHH000412: Hibernate Core {5.2.14.Final}
2018-04-28 15:12:54.087  INFO 12568 --- [main] org.hibernate.cfg.Environment            : HHH000206: hibernate.properties not found
2018-04-28 15:12:54.195  INFO 12568 --- [main] o.hibernate.annotations.common.Version   : HCANN000001: Hibernate Commons Annotations {5.0.1.Final}
2018-04-28 15:12:54.294  INFO 12568 --- [main] com.zaxxer.hikari.HikariDataSource       : HikariPool-1 - Starting...
2018-04-28 15:12:54.522  INFO 12568 --- [main] com.zaxxer.hikari.HikariDataSource       : HikariPool-1 - Start completed.
2018-04-28 15:12:54.543  INFO 12568 --- [main] org.hibernate.dialect.Dialect            : HHH000400: Using dialect: org.hibernate.dialect.H2Dialect
2018-04-28 15:12:55.157  INFO 12568 --- [main] j.LocalContainerEntityManagerFactoryBean : Initialized JPA EntityManagerFactory for persistence unit 'h2PersistenceUnit'
2018-04-28 15:12:55.190  INFO 12568 --- [main] j.LocalContainerEntityManagerFactoryBean : Building JPA container EntityManagerFactory for persistence unit 'MySqlPersistenceUnit'
2018-04-28 15:12:55.190  INFO 12568 --- [main] o.hibernate.jpa.internal.util.LogHelper  : HHH000204: Processing PersistenceUnitInfo [
	name: MySqlPersistenceUnit
	...]
2018-04-28 15:12:55.196  INFO 12568 --- [main] com.zaxxer.hikari.HikariDataSource       : HikariPool-2 - Starting...
2018-04-28 15:12:55.394  INFO 12568 --- [main] com.zaxxer.hikari.HikariDataSource       : HikariPool-2 - Start completed.
2018-04-28 15:12:55.396  INFO 12568 --- [main] org.hibernate.dialect.Dialect            : HHH000400: Using dialect: org.hibernate.dialect.MySQL57Dialect
2018-04-28 15:12:55.441  INFO 12568 --- [main] j.LocalContainerEntityManagerFactoryBean : Initialized JPA EntityManagerFactory for persistence unit 'MySqlPersistenceUnit'
2018-04-28 15:12:55.916  INFO 12568 --- [main] o.h.h.i.QueryTranslatorFactoryInitiator  : HHH000397: Using ASTQueryTranslatorFactory
2018-04-28 15:12:56.110  INFO 12568 --- [main] o.h.h.i.QueryTranslatorFactoryInitiator  : HHH000397: Using ASTQueryTranslatorFactory
2018-04-28 15:12:56.778  INFO 12568 --- [main] s.w.s.m.m.a.RequestMappingHandlerAdapter : Looking for @ControllerAdvice: org.springframework.web.context.support.GenericWebApplicationContext@7139992f: startup date [Sat Apr 28 15:12:52 CST 2018]; root of context hierarchy
2018-04-28 15:12:56.825  WARN 12568 --- [main] aWebConfiguration$JpaWebMvcConfiguration : spring.jpa.open-in-view is enabled by default. Therefore, database queries may be performed during view rendering. Explicitly configure spring.jpa.open-in-view to disable this warning
2018-04-28 15:12:56.860  INFO 12568 --- [main] s.w.s.m.m.a.RequestMappingHandlerMapping : Mapped "{[/SafeHarbor],methods=[POST]}" onto public com.alibaba.fastjson.JSONArray com.CLD.dataAnonymization.web.ApiController.SafeHarbor(javax.servlet.http.HttpServletRequest) throws java.io.IOException
2018-04-28 15:12:56.861  INFO 12568 --- [main] s.w.s.m.m.a.RequestMappingHandlerMapping : Mapped "{[/LimitedSet],methods=[POST]}" onto public com.alibaba.fastjson.JSONArray com.CLD.dataAnonymization.web.ApiController.LimitedSet(javax.servlet.http.HttpServletRequest) throws java.io.IOException
2018-04-28 15:12:56.862  INFO 12568 --- [main] s.w.s.m.m.a.RequestMappingHandlerMapping : Mapped "{[/getUsageOverView]}" onto public com.alibaba.fastjson.JSONArray com.CLD.dataAnonymization.web.ApiUsageController.getUsageOverView() throws java.io.FileNotFoundException
2018-04-28 15:12:56.862  INFO 12568 --- [main] s.w.s.m.m.a.RequestMappingHandlerMapping : Mapped "{[/getUserIp]}" onto public java.util.Set<java.lang.String> com.CLD.dataAnonymization.web.ApiUsageController.getUserIp()
2018-04-28 15:12:56.863  INFO 12568 --- [main] s.w.s.m.m.a.RequestMappingHandlerMapping : Mapped "{[/UsageDetail]}" onto public java.lang.String com.CLD.dataAnonymization.web.ApiUsageController.UsageDetail()
2018-04-28 15:12:56.863  INFO 12568 --- [main] s.w.s.m.m.a.RequestMappingHandlerMapping : Mapped "{[/getUsageByIp]}" onto public java.util.ArrayList<java.util.HashMap<java.lang.String, java.lang.String>> com.CLD.dataAnonymization.web.ApiUsageController.getUsageByIp(java.lang.String)
2018-04-28 15:12:56.863  INFO 12568 --- [main] s.w.s.m.m.a.RequestMappingHandlerMapping : Mapped "{[/UsageOverView]}" onto public java.lang.String com.CLD.dataAnonymization.web.ApiUsageController.UsageOverView()
2018-04-28 15:12:56.864  INFO 12568 --- [main] s.w.s.m.m.a.RequestMappingHandlerMapping : Mapped "{[/FileProcessing]}" onto public java.lang.String com.CLD.dataAnonymization.web.FileProcessingController.FileProcessing()
2018-04-28 15:12:56.876  INFO 12568 --- [main] s.w.s.m.m.a.RequestMappingHandlerMapping : Mapped "{[/filecontent],methods=[POST]}" onto public com.alibaba.fastjson.JSONArray com.CLD.dataAnonymization.web.FileProcessingController.fileContentUpload(org.springframework.web.multipart.MultipartHttpServletRequest,javax.servlet.http.HttpServletRequest,java.lang.String) throws java.lang.Exception
2018-04-28 15:12:56.877  INFO 12568 --- [main] s.w.s.m.m.a.RequestMappingHandlerMapping : Mapped "{[/updataFields],methods=[POST]}" onto public java.util.ArrayList<java.lang.String> com.CLD.dataAnonymization.web.PrivacyFieldController.updataFields(com.alibaba.fastjson.JSONArray) throws java.io.UnsupportedEncodingException
2018-04-28 15:12:56.877  INFO 12568 --- [main] s.w.s.m.m.a.RequestMappingHandlerMapping : Mapped "{[/getPrivacyField],methods=[GET]}" onto public com.alibaba.fastjson.JSONArray com.CLD.dataAnonymization.web.PrivacyFieldController.getPrivacyField(javax.servlet.http.HttpServletRequest) throws java.io.FileNotFoundException
2018-04-28 15:12:56.877  INFO 12568 --- [main] s.w.s.m.m.a.RequestMappingHandlerMapping : Mapped "{[/getFieldOverView],methods=[GET]}" onto public com.alibaba.fastjson.JSONObject com.CLD.dataAnonymization.web.PrivacyFieldController.getFieldOverView() throws java.io.FileNotFoundException
2018-04-28 15:12:56.878  INFO 12568 --- [main] s.w.s.m.m.a.RequestMappingHandlerMapping : Mapped "{[/PrivacyFieldOverView],methods=[GET]}" onto public java.lang.String com.CLD.dataAnonymization.web.PrivacyFieldController.viewOfPrivacyFieldOverView()
2018-04-28 15:12:56.878  INFO 12568 --- [main] s.w.s.m.m.a.RequestMappingHandlerMapping : Mapped "{[/PrivacyFieldModify],methods=[GET]}" onto public java.lang.String com.CLD.dataAnonymization.web.PrivacyFieldController.viewOfPrivacyFieldModify()
2018-04-28 15:12:56.882  INFO 12568 --- [main] s.w.s.m.m.a.RequestMappingHandlerMapping : Mapped "{[/error]}" onto public org.springframework.http.ResponseEntity<java.util.Map<java.lang.String, java.lang.Object>> org.springframework.boot.autoconfigure.web.servlet.error.BasicErrorController.error(javax.servlet.http.HttpServletRequest)
2018-04-28 15:12:56.883  INFO 12568 --- [main] s.w.s.m.m.a.RequestMappingHandlerMapping : Mapped "{[/error],produces=[text/html]}" onto public org.springframework.web.servlet.ModelAndView org.springframework.boot.autoconfigure.web.servlet.error.BasicErrorController.errorHtml(javax.servlet.http.HttpServletRequest,javax.servlet.http.HttpServletResponse)
2018-04-28 15:12:56.919  INFO 12568 --- [main] o.s.w.s.handler.SimpleUrlHandlerMapping  : Mapped URL path [/webjars/**] onto handler of type [class org.springframework.web.servlet.resource.ResourceHttpRequestHandler]
2018-04-28 15:12:56.919  INFO 12568 --- [main] o.s.w.s.handler.SimpleUrlHandlerMapping  : Mapped URL path [/**] onto handler of type [class org.springframework.web.servlet.resource.ResourceHttpRequestHandler]
2018-04-28 15:12:56.961  INFO 12568 --- [main] o.s.w.s.handler.SimpleUrlHandlerMapping  : Mapped URL path [/**/favicon.ico] onto handler of type [class org.springframework.web.servlet.resource.ResourceHttpRequestHandler]
2018-04-28 15:12:57.320  INFO 12568 --- [main] c.C.d.DataAnonymizationApplicationTests  : Started DataAnonymizationApplicationTests in 5.127 seconds (JVM running for 5.886)
2018-04-28 15:12:57.997  INFO 12568 --- [Thread-3] o.s.w.c.s.GenericWebApplicationContext   : Closing org.springframework.web.context.support.GenericWebApplicationContext@7139992f: startup date [Sat Apr 28 15:12:52 CST 2018]; root of context hierarchy
2018-04-28 15:12:58.003  INFO 12568 --- [Thread-3] j.LocalContainerEntityManagerFactoryBean : Closing JPA EntityManagerFactory for persistence unit 'MySqlPersistenceUnit'
2018-04-28 15:12:58.007  INFO 12568 --- [Thread-3] com.zaxxer.hikari.HikariDataSource       : HikariPool-2 - Shutdown initiated...
2018-04-28 15:12:58.014  INFO 12568 --- [Thread-3] com.zaxxer.hikari.HikariDataSource       : HikariPool-2 - Shutdown completed.
2018-04-28 15:12:58.014  INFO 12568 --- [Thread-3] j.LocalContainerEntityManagerFactoryBean : Closing JPA EntityManagerFactory for persistence unit 'h2PersistenceUnit'
2018-04-28 15:12:58.015  INFO 12568 --- [Thread-3] com.zaxxer.hikari.HikariDataSource       : HikariPool-1 - Shutdown initiated...
2018-04-28 15:12:58.016  INFO 12568 --- [Thread-3] com.zaxxer.hikari.HikariDataSource       : HikariPool-1 - Shutdown completed.
